<?xml version="1.0" encoding="UTF-8"?>
<!-- Generated by org.testng.reporters.JUnitXMLReporter -->
<testsuite ignored="0" hostname="BCIT-WIN-S1427" failures="0" tests="3" name="Default test" time="16.73" errors="0" timestamp="2024-03-02T12:23:32 IST">
  <testcase classname="Selenium.SeleniumFrameWorkTestNG.tests.SubmitOrderTest" name="submitOrder" time="3.07"/>
  <testcase classname="Selenium.SeleniumFrameWorkTestNG.tests.SubmitOrderTest" name="submitOrder" time="2.982"/>
  <testcase classname="Selenium.SeleniumFrameWorkTestNG.tests.SubmitOrderTest" name="OrderHistoryTest" time="0.73"/>
</testsuite> <!-- Default test -->
