<?xml version="1.0" encoding="UTF-8"?>
<!-- Generated by org.testng.reporters.JUnitXMLReporter -->
<testsuite ignored="0" hostname="BCIT-WIN-S1427" failures="0" tests="2" name="ErrorValidationsTest" time="0.053" errors="0" timestamp="2024-01-30T23:04:44 IST">
  <testcase classname="Selenium.SeleniumFrameWorkTestNG.ErrorValidationsTest" name="LoginErrorValidation" time="0.0">
    <skipped/>
  </testcase> <!-- LoginErrorValidation -->
  <testcase classname="Selenium.SeleniumFrameWorkTestNG.ErrorValidationsTest" name="ProductErrorValidation" time="0.001">
    <skipped/>
  </testcase> <!-- ProductErrorValidation -->
</testsuite> <!-- ErrorValidationsTest -->
