<?xml version="1.0" encoding="UTF-8"?>
<!-- Generated by org.testng.reporters.JUnitXMLReporter -->
<testsuite ignored="0" hostname="DESKTOP-AFGVFFP" failures="0" tests="2" name="Error Validations Test" time="9.811" errors="0" timestamp="2024-05-25T02:02:16 IST">
  <testcase classname="Selenium.SeleniumFrameWorkTestNG.tests.ErrorValidationsTest" name="LoginErrorValidation" time="1.043"/>
  <testcase classname="Selenium.SeleniumFrameWorkTestNG.tests.ErrorValidationsTest" name="ProductErrorValidation" time="2.266"/>
</testsuite> <!-- Error Validations Test -->
