<?xml version="1.0" encoding="UTF-8"?>
<!-- Generated by org.testng.reporters.JUnitXMLReporter -->
<testsuite ignored="2" hostname="BCIT-WIN-S1427" failures="0" tests="0" time="0.021" errors="0" timestamp="2024-02-01T12:57:27 IST">
  <testcase classname="Selenium.SeleniumFrameWorkTestNG.tests.SubmitOrderTest" name="submitOrder" time="0.0">
    <ignored/>
  </testcase> <!-- submitOrder -->
  <testcase classname="Selenium.SeleniumFrameWorkTestNG.tests.SubmitOrderTest" name="OrderHistoryTest" time="0.0">
    <ignored/>
  </testcase> <!-- OrderHistoryTest -->
</testsuite>
