<?xml version="1.0" encoding="UTF-8"?>
<!-- Generated by org.testng.reporters.JUnitXMLReporter -->
<testsuite ignored="2" hostname="BCIT-WIN-S1427" failures="0" tests="0" time="0.023" errors="0" timestamp="2024-02-01T23:47:10 IST">
  <testcase classname="Selenium.SeleniumFrameWorkTestNG.tests.ErrorValidationsTest" name="LoginErrorValidation" time="0.0">
    <ignored/>
  </testcase> <!-- LoginErrorValidation -->
  <testcase classname="Selenium.SeleniumFrameWorkTestNG.tests.ErrorValidationsTest" name="ProductErrorValidation" time="0.0">
    <ignored/>
  </testcase> <!-- ProductErrorValidation -->
</testsuite>
