<?xml version="1.0" encoding="UTF-8"?>
<!-- Generated by org.testng.reporters.JUnitXMLReporter -->
<testsuite ignored="1" hostname="BCIT-WIN-S1427" failures="0" tests="2" name="Submit Order Test" time="34.073" errors="0" timestamp="2024-02-01T23:47:44 IST">
  <testcase classname="Selenium.SeleniumFrameWorkTestNG.tests.SubmitOrderTest" name="submitOrder" time="4.739"/>
  <testcase classname="Selenium.SeleniumFrameWorkTestNG.tests.SubmitOrderTest" name="submitOrder" time="4.203"/>
  <testcase classname="Selenium.SeleniumFrameWorkTestNG.tests.SubmitOrderTest" name="OrderHistoryTest" time="0.0">
    <ignored/>
  </testcase> <!-- OrderHistoryTest -->
</testsuite> <!-- Submit Order Test -->
