<?xml version="1.0" encoding="UTF-8"?>
<testng-results ignored="0" total="3" passed="3" failed="0" skipped="0">
  <reporter-output>
  </reporter-output>
  <suite started-at="2024-03-02T12:23:15 IST" name="Default suite" finished-at="2024-03-02T12:23:32 IST" duration-ms="16730">
    <groups>
      <group name="Purchase">
        <method signature="SubmitOrderTest.submitOrder(java.util.HashMap)[pri:0, instance:Selenium.SeleniumFrameWorkTestNG.tests.SubmitOrderTest@11389053]" name="submitOrder" class="Selenium.SeleniumFrameWorkTestNG.tests.SubmitOrderTest"/>
      </group> <!-- Purchase -->
    </groups>
    <test started-at="2024-03-02T12:23:15 IST" name="Default test" finished-at="2024-03-02T12:23:32 IST" duration-ms="16730">
      <class name="Selenium.SeleniumFrameWorkTestNG.tests.SubmitOrderTest">
        <test-method is-config="true" signature="launchApplication()[pri:0, instance:Selenium.SeleniumFrameWorkTestNG.tests.SubmitOrderTest@11389053]" started-at="2024-03-02T12:23:15 IST" name="launchApplication" finished-at="2024-03-02T12:23:21 IST" duration-ms="5800" status="PASS">
          <reporter-output>
          </reporter-output>
        </test-method> <!-- launchApplication -->
        <test-method signature="submitOrder(java.util.HashMap)[pri:0, instance:Selenium.SeleniumFrameWorkTestNG.tests.SubmitOrderTest@11389053]" started-at="2024-03-02T12:23:21 IST" name="submitOrder" data-provider="getData" finished-at="2024-03-02T12:23:24 IST" duration-ms="3070" status="PASS">
          <params>
            <param index="0">
              <value>
                <![CDATA[{password=Iamking@000, product=ZARA COAT 3, email=anshika@gmail.com}]]>
              </value>
            </param>
          </params>
          <reporter-output>
          </reporter-output>
        </test-method> <!-- submitOrder -->
        <test-method is-config="true" signature="tearDown()[pri:0, instance:Selenium.SeleniumFrameWorkTestNG.tests.SubmitOrderTest@11389053]" started-at="2024-03-02T12:23:24 IST" name="tearDown" finished-at="2024-03-02T12:23:24 IST" duration-ms="107" status="PASS">
          <reporter-output>
          </reporter-output>
        </test-method> <!-- tearDown -->
        <test-method is-config="true" signature="launchApplication()[pri:0, instance:Selenium.SeleniumFrameWorkTestNG.tests.SubmitOrderTest@11389053]" started-at="2024-03-02T12:23:24 IST" name="launchApplication" finished-at="2024-03-02T12:23:26 IST" duration-ms="1890" status="PASS">
          <reporter-output>
          </reporter-output>
        </test-method> <!-- launchApplication -->
        <test-method signature="submitOrder(java.util.HashMap)[pri:0, instance:Selenium.SeleniumFrameWorkTestNG.tests.SubmitOrderTest@11389053]" started-at="2024-03-02T12:23:26 IST" name="submitOrder" data-provider="getData" finished-at="2024-03-02T12:23:29 IST" duration-ms="2982" status="PASS">
          <params>
            <param index="0">
              <value>
                <![CDATA[{password=Iamking@000, product=ADIDAS ORIGINAL, email=shetty@gmail.com}]]>
              </value>
            </param>
          </params>
          <reporter-output>
          </reporter-output>
        </test-method> <!-- submitOrder -->
        <test-method is-config="true" signature="tearDown()[pri:0, instance:Selenium.SeleniumFrameWorkTestNG.tests.SubmitOrderTest@11389053]" started-at="2024-03-02T12:23:29 IST" name="tearDown" finished-at="2024-03-02T12:23:29 IST" duration-ms="66" status="PASS">
          <reporter-output>
          </reporter-output>
        </test-method> <!-- tearDown -->
        <test-method is-config="true" signature="launchApplication()[pri:0, instance:Selenium.SeleniumFrameWorkTestNG.tests.SubmitOrderTest@11389053]" started-at="2024-03-02T12:23:29 IST" name="launchApplication" finished-at="2024-03-02T12:23:31 IST" duration-ms="1708" status="PASS">
          <reporter-output>
          </reporter-output>
        </test-method> <!-- launchApplication -->
        <test-method signature="OrderHistoryTest()[pri:0, instance:Selenium.SeleniumFrameWorkTestNG.tests.SubmitOrderTest@11389053]" started-at="2024-03-02T12:23:31 IST" name="OrderHistoryTest" finished-at="2024-03-02T12:23:31 IST" depends-on-methods="Selenium.SeleniumFrameWorkTestNG.tests.SubmitOrderTest.submitOrder" duration-ms="730" status="PASS">
          <reporter-output>
          </reporter-output>
        </test-method> <!-- OrderHistoryTest -->
        <test-method is-config="true" signature="tearDown()[pri:0, instance:Selenium.SeleniumFrameWorkTestNG.tests.SubmitOrderTest@11389053]" started-at="2024-03-02T12:23:31 IST" name="tearDown" finished-at="2024-03-02T12:23:32 IST" duration-ms="81" status="PASS">
          <reporter-output>
          </reporter-output>
        </test-method> <!-- tearDown -->
      </class> <!-- Selenium.SeleniumFrameWorkTestNG.tests.SubmitOrderTest -->
    </test> <!-- Default test -->
  </suite> <!-- Default suite -->
</testng-results>
